<?xml version="1.0" encoding="UTF-8"?>
<coverage generated="1747308501623" clover="3.2.0">
  <project timestamp="1747308501623" name="All files">
    <metrics statements="34" coveredstatements="33" conditionals="18" coveredconditionals="18" methods="15" coveredmethods="14" elements="67" coveredelements="65" complexity="0" loc="34" ncloc="34" packages="2" files="3" classes="3"/>
    <package name="data">
      <metrics statements="15" coveredstatements="15" conditionals="4" coveredconditionals="4" methods="9" coveredmethods="9"/>
      <file name="repository.js" path="D:\KULIAH\SEMESTER 6\PENGUJIAN DAN PENJAMINAN KUALITAS PERANGKAT LUNAK\UTS\bread-UTS\src\data\repository.js">
        <metrics statements="15" coveredstatements="15" conditionals="4" coveredconditionals="4" methods="9" coveredmethods="9"/>
        <line num="1" count="3" type="stmt"/>
        <line num="4" count="1" type="stmt"/>
        <line num="8" count="5" type="stmt"/>
        <line num="12" count="20" type="stmt"/>
        <line num="13" count="20" type="stmt"/>
        <line num="17" count="3" type="stmt"/>
        <line num="18" count="3" type="cond" truecount="2" falsecount="0"/>
        <line num="19" count="2" type="stmt"/>
        <line num="20" count="2" type="stmt"/>
        <line num="24" count="3" type="stmt"/>
        <line num="25" count="3" type="cond" truecount="2" falsecount="0"/>
        <line num="26" count="2" type="stmt"/>
        <line num="27" count="2" type="stmt"/>
        <line num="31" count="20" type="stmt"/>
        <line num="34" count="3" type="stmt"/>
      </file>
    </package>
    <package name="domain">
      <metrics statements="19" coveredstatements="18" conditionals="14" coveredconditionals="14" methods="6" coveredmethods="5"/>
      <file name="entities.js" path="D:\KULIAH\SEMESTER 6\PENGUJIAN DAN PENJAMINAN KUALITAS PERANGKAT LUNAK\UTS\bread-UTS\src\domain\entities.js">
        <metrics statements="3" coveredstatements="3" conditionals="0" coveredconditionals="0" methods="1" coveredmethods="1"/>
        <line num="3" count="1" type="stmt"/>
        <line num="4" count="1" type="stmt"/>
        <line num="8" count="2" type="stmt"/>
      </file>
      <file name="usecases.js" path="D:\KULIAH\SEMESTER 6\PENGUJIAN DAN PENJAMINAN KUALITAS PERANGKAT LUNAK\UTS\bread-UTS\src\domain\usecases.js">
        <metrics statements="16" coveredstatements="15" conditionals="14" coveredconditionals="14" methods="5" coveredmethods="4"/>
        <line num="1" count="2" type="stmt"/>
        <line num="4" count="1" type="stmt"/>
        <line num="8" count="0" type="stmt"/>
        <line num="12" count="9" type="cond" truecount="6" falsecount="0"/>
        <line num="13" count="8" type="stmt"/>
        <line num="15" count="1" type="stmt"/>
        <line num="16" count="1" type="stmt"/>
        <line num="20" count="5" type="cond" truecount="4" falsecount="0"/>
        <line num="21" count="3" type="stmt"/>
        <line num="23" count="2" type="stmt"/>
        <line num="24" count="2" type="cond" truecount="2" falsecount="0"/>
        <line num="25" count="1" type="stmt"/>
        <line num="29" count="2" type="stmt"/>
        <line num="30" count="2" type="cond" truecount="2" falsecount="0"/>
        <line num="31" count="1" type="stmt"/>
        <line num="34" count="2" type="stmt"/>
      </file>
    </package>
  </project>
</coverage>
