{"D:\\KULIAH\\SEMESTER 6\\PENGUJIAN DAN PENJAMINAN KUALITAS PERANGKAT LUNAK\\UTS\\bread-UTS\\src\\data\\repository.js": {"path":"D:\\KULIAH\\SEMESTER 6\\PENGUJIAN DAN PENJAMINAN KUALITAS PERANGKAT LUNAK\\UTS\\bread-UTS\\src\\data\\repository.js","statementMap":{"0":{"start":{"line":1,"column":12},"end":{"line":1,"column":14}},"1":{"start":{"line":4,"column":2},"end":{"line":4,"column":15}},"2":{"start":{"line":8,"column":2},"end":{"line":8,"column":44}},"3":{"start":{"line":8,"column":28},"end":{"line":8,"column":42}},"4":{"start":{"line":12,"column":2},"end":{"line":12,"column":19}},"5":{"start":{"line":13,"column":2},"end":{"line":13,"column":14}},"6":{"start":{"line":17,"column":16},"end":{"line":17,"column":49}},"7":{"start":{"line":17,"column":37},"end":{"line":17,"column":48}},"8":{"start":{"line":18,"column":2},"end":{"line":18,"column":32}},"9":{"start":{"line":18,"column":20},"end":{"line":18,"column":32}},"10":{"start":{"line":19,"column":2},"end":{"line":19,"column":49}},"11":{"start":{"line":20,"column":2},"end":{"line":20,"column":22}},"12":{"start":{"line":24,"column":16},"end":{"line":24,"column":49}},"13":{"start":{"line":24,"column":37},"end":{"line":24,"column":48}},"14":{"start":{"line":25,"column":2},"end":{"line":25,"column":33}},"15":{"start":{"line":25,"column":20},"end":{"line":25,"column":33}},"16":{"start":{"line":26,"column":2},"end":{"line":26,"column":25}},"17":{"start":{"line":27,"column":2},"end":{"line":27,"column":14}},"18":{"start":{"line":31,"column":2},"end":{"line":31,"column":13}},"19":{"start":{"line":34,"column":0},"end":{"line":34,"column":65}}},"fnMap":{"0":{"name":"getAll","decl":{"start":{"line":3,"column":9},"end":{"line":3,"column":15}},"loc":{"start":{"line":3,"column":18},"end":{"line":5,"column":1}},"line":3},"1":{"name":"getById","decl":{"start":{"line":7,"column":9},"end":{"line":7,"column":16}},"loc":{"start":{"line":7,"column":21},"end":{"line":9,"column":1}},"line":7},"2":{"name":"(anonymous_2)","decl":{"start":{"line":8,"column":20},"end":{"line":8,"column":21}},"loc":{"start":{"line":8,"column":28},"end":{"line":8,"column":42}},"line":8},"3":{"name":"add","decl":{"start":{"line":11,"column":9},"end":{"line":11,"column":12}},"loc":{"start":{"line":11,"column":19},"end":{"line":14,"column":1}},"line":11},"4":{"name":"update","decl":{"start":{"line":16,"column":9},"end":{"line":16,"column":15}},"loc":{"start":{"line":16,"column":29},"end":{"line":21,"column":1}},"line":16},"5":{"name":"(anonymous_5)","decl":{"start":{"line":17,"column":32},"end":{"line":17,"column":33}},"loc":{"start":{"line":17,"column":37},"end":{"line":17,"column":48}},"line":17},"6":{"name":"remove","decl":{"start":{"line":23,"column":9},"end":{"line":23,"column":15}},"loc":{"start":{"line":23,"column":20},"end":{"line":28,"column":1}},"line":23},"7":{"name":"(anonymous_7)","decl":{"start":{"line":24,"column":32},"end":{"line":24,"column":33}},"loc":{"start":{"line":24,"column":37},"end":{"line":24,"column":48}},"line":24},"8":{"name":"reset","decl":{"start":{"line":30,"column":9},"end":{"line":30,"column":14}},"loc":{"start":{"line":30,"column":17},"end":{"line":32,"column":1}},"line":30}},"branchMap":{"0":{"loc":{"start":{"line":18,"column":2},"end":{"line":18,"column":32}},"type":"if","locations":[{"start":{"line":18,"column":2},"end":{"line":18,"column":32}},{"start":{},"end":{}}],"line":18},"1":{"loc":{"start":{"line":25,"column":2},"end":{"line":25,"column":33}},"type":"if","locations":[{"start":{"line":25,"column":2},"end":{"line":25,"column":33}},{"start":{},"end":{}}],"line":25}},"s":{"0":3,"1":1,"2":5,"3":4,"4":20,"5":20,"6":3,"7":3,"8":3,"9":1,"10":2,"11":2,"12":3,"13":3,"14":3,"15":1,"16":2,"17":2,"18":20,"19":3},"f":{"0":1,"1":5,"2":4,"3":20,"4":3,"5":3,"6":3,"7":3,"8":20},"b":{"0":[1,2],"1":[1,2]},"_coverageSchema":"1a1c01bbd47fc00a2c39e90264f33305004495a9","hash":"b50cadcb65c17b1e3687b8e2d6f561682b0b6828"}
,"D:\\KULIAH\\SEMESTER 6\\PENGUJIAN DAN PENJAMINAN KUALITAS PERANGKAT LUNAK\\UTS\\bread-UTS\\src\\domain\\entities.js": {"path":"D:\\KULIAH\\SEMESTER 6\\PENGUJIAN DAN PENJAMINAN KUALITAS PERANGKAT LUNAK\\UTS\\bread-UTS\\src\\domain\\entities.js","statementMap":{"0":{"start":{"line":3,"column":4},"end":{"line":3,"column":17}},"1":{"start":{"line":4,"column":4},"end":{"line":4,"column":21}},"2":{"start":{"line":8,"column":0},"end":{"line":8,"column":22}}},"fnMap":{"0":{"name":"(anonymous_0)","decl":{"start":{"line":2,"column":2},"end":{"line":2,"column":3}},"loc":{"start":{"line":2,"column":24},"end":{"line":5,"column":3}},"line":2}},"branchMap":{},"s":{"0":1,"1":1,"2":2},"f":{"0":1},"b":{},"_coverageSchema":"1a1c01bbd47fc00a2c39e90264f33305004495a9","hash":"fa2e0acbc65efe228e5f7b74cf52234c902b7667"}
,"D:\\KULIAH\\SEMESTER 6\\PENGUJIAN DAN PENJAMINAN KUALITAS PERANGKAT LUNAK\\UTS\\bread-UTS\\src\\domain\\usecases.js": {"path":"D:\\KULIAH\\SEMESTER 6\\PENGUJIAN DAN PENJAMINAN KUALITAS PERANGKAT LUNAK\\UTS\\bread-UTS\\src\\domain\\usecases.js","statementMap":{"0":{"start":{"line":1,"column":13},"end":{"line":1,"column":34}},"1":{"start":{"line":4,"column":2},"end":{"line":4,"column":29}},"2":{"start":{"line":8,"column":2},"end":{"line":8,"column":32}},"3":{"start":{"line":12,"column":2},"end":{"line":14,"column":3}},"4":{"start":{"line":13,"column":4},"end":{"line":13,"column":84}},"5":{"start":{"line":15,"column":15},"end":{"line":15,"column":47}},"6":{"start":{"line":16,"column":2},"end":{"line":16,"column":30}},"7":{"start":{"line":20,"column":2},"end":{"line":22,"column":3}},"8":{"start":{"line":21,"column":4},"end":{"line":21,"column":77}},"9":{"start":{"line":23,"column":15},"end":{"line":23,"column":62}},"10":{"start":{"line":24,"column":2},"end":{"line":24,"column":53}},"11":{"start":{"line":24,"column":13},"end":{"line":24,"column":53}},"12":{"start":{"line":25,"column":2},"end":{"line":25,"column":14}},"13":{"start":{"line":29,"column":18},"end":{"line":29,"column":39}},"14":{"start":{"line":30,"column":2},"end":{"line":30,"column":56}},"15":{"start":{"line":30,"column":16},"end":{"line":30,"column":56}},"16":{"start":{"line":31,"column":2},"end":{"line":31,"column":17}},"17":{"start":{"line":34,"column":0},"end":{"line":34,"column":53}}},"fnMap":{"0":{"name":"browse","decl":{"start":{"line":3,"column":9},"end":{"line":3,"column":15}},"loc":{"start":{"line":3,"column":28},"end":{"line":5,"column":1}},"line":3},"1":{"name":"read","decl":{"start":{"line":7,"column":9},"end":{"line":7,"column":13}},"loc":{"start":{"line":7,"column":30},"end":{"line":9,"column":1}},"line":7},"2":{"name":"add","decl":{"start":{"line":11,"column":9},"end":{"line":11,"column":12}},"loc":{"start":{"line":11,"column":35},"end":{"line":17,"column":1}},"line":11},"3":{"name":"edit","decl":{"start":{"line":19,"column":9},"end":{"line":19,"column":13}},"loc":{"start":{"line":19,"column":39},"end":{"line":26,"column":1}},"line":19},"4":{"name":"remove","decl":{"start":{"line":28,"column":9},"end":{"line":28,"column":15}},"loc":{"start":{"line":28,"column":32},"end":{"line":32,"column":1}},"line":28}},"branchMap":{"0":{"loc":{"start":{"line":12,"column":2},"end":{"line":14,"column":3}},"type":"if","locations":[{"start":{"line":12,"column":2},"end":{"line":14,"column":3}},{"start":{},"end":{}}],"line":12},"1":{"loc":{"start":{"line":12,"column":6},"end":{"line":12,"column":98}},"type":"binary-expr","locations":[{"start":{"line":12,"column":6},"end":{"line":12,"column":28}},{"start":{"line":12,"column":32},"end":{"line":12,"column":48}},{"start":{"line":12,"column":52},"end":{"line":12,"column":76}},{"start":{"line":12,"column":80},"end":{"line":12,"column":98}}],"line":12},"2":{"loc":{"start":{"line":20,"column":2},"end":{"line":22,"column":3}},"type":"if","locations":[{"start":{"line":20,"column":2},"end":{"line":22,"column":3}},{"start":{},"end":{}}],"line":20},"3":{"loc":{"start":{"line":20,"column":6},"end":{"line":20,"column":58}},"type":"binary-expr","locations":[{"start":{"line":20,"column":6},"end":{"line":20,"column":33}},{"start":{"line":20,"column":37},"end":{"line":20,"column":58}}],"line":20},"4":{"loc":{"start":{"line":24,"column":2},"end":{"line":24,"column":53}},"type":"if","locations":[{"start":{"line":24,"column":2},"end":{"line":24,"column":53}},{"start":{},"end":{}}],"line":24},"5":{"loc":{"start":{"line":30,"column":2},"end":{"line":30,"column":56}},"type":"if","locations":[{"start":{"line":30,"column":2},"end":{"line":30,"column":56}},{"start":{},"end":{}}],"line":30}},"s":{"0":2,"1":1,"2":0,"3":9,"4":8,"5":1,"6":1,"7":5,"8":3,"9":2,"10":2,"11":1,"12":1,"13":2,"14":2,"15":1,"16":1,"17":2},"f":{"0":1,"1":0,"2":9,"3":5,"4":2},"b":{"0":[8,1],"1":[9,6,5,2],"2":[3,2],"3":[5,3],"4":[1,1],"5":[1,1]},"_coverageSchema":"1a1c01bbd47fc00a2c39e90264f33305004495a9","hash":"94784afecacfba679e1e3c7d66441c1742234b5d"}
}
