TN:
SF:src\data\repository.js
FN:3,getAll
FN:7,getById
FN:8,(anonymous_2)
FN:11,add
FN:16,update
FN:17,(anonymous_5)
FN:23,remove
FN:24,(anonymous_7)
FN:30,reset
FNF:9
FNH:9
FNDA:1,getAll
FNDA:5,getById
FNDA:4,(anonymous_2)
FNDA:20,add
FNDA:3,update
FNDA:3,(anonymous_5)
FNDA:3,remove
FNDA:3,(anonymous_7)
FNDA:20,reset
DA:1,3
DA:4,1
DA:8,5
DA:12,20
DA:13,20
DA:17,3
DA:18,3
DA:19,2
DA:20,2
DA:24,3
DA:25,3
DA:26,2
DA:27,2
DA:31,20
DA:34,3
LF:15
LH:15
BRDA:18,0,0,1
BRDA:18,0,1,2
BRDA:25,1,0,1
BRDA:25,1,1,2
BRF:4
BRH:4
end_of_record
TN:
SF:src\domain\entities.js
FN:2,(anonymous_0)
FNF:1
FNH:1
FNDA:1,(anonymous_0)
DA:3,1
DA:4,1
DA:8,2
LF:3
LH:3
BRF:0
BRH:0
end_of_record
TN:
SF:src\domain\usecases.js
FN:3,browse
FN:7,read
FN:11,add
FN:19,edit
FN:28,remove
FNF:5
FNH:4
FNDA:1,browse
FNDA:0,read
FNDA:9,add
FNDA:5,edit
FNDA:2,remove
DA:1,2
DA:4,1
DA:8,0
DA:12,9
DA:13,8
DA:15,1
DA:16,1
DA:20,5
DA:21,3
DA:23,2
DA:24,2
DA:25,1
DA:29,2
DA:30,2
DA:31,1
DA:34,2
LF:16
LH:15
BRDA:12,0,0,8
BRDA:12,0,1,1
BRDA:12,1,0,9
BRDA:12,1,1,6
BRDA:12,1,2,5
BRDA:12,1,3,2
BRDA:20,2,0,3
BRDA:20,2,1,2
BRDA:20,3,0,5
BRDA:20,3,1,3
BRDA:24,4,0,1
BRDA:24,4,1,1
BRDA:30,5,0,1
BRDA:30,5,1,1
BRF:14
BRH:14
end_of_record
